<?xml version="1.0" encoding="UTF-8"?>
<testng-results skipped="0" failed="0" ignored="0" total="2" passed="2">
  <reporter-output>
  </reporter-output>
  <suite name="Default suite" duration-ms="4649" started-at="2021-10-08T10:09:22Z" finished-at="2021-10-08T10:09:27Z">
    <groups>
    </groups>
    <test name="Default test" duration-ms="4649" started-at="2021-10-08T10:09:22Z" finished-at="2021-10-08T10:09:27Z">
      <class name="day2.GitHub">
        <test-method status="PASS" signature="beforeTest()[pri:0, instance:day2.GitHub@6dbb137d]" name="beforeTest" is-config="true" duration-ms="741" started-at="2021-10-08T10:09:22Z" finished-at="2021-10-08T10:09:23Z">
          <reporter-output>
          </reporter-output>
        </test-method> <!-- beforeTest -->
        <test-method status="PASS" signature="createRepositories()[pri:0, instance:day2.GitHub@6dbb137d]" name="createRepositories" duration-ms="3177" started-at="2021-10-08T10:09:23Z" finished-at="2021-10-08T10:09:26Z">
          <reporter-output>
          </reporter-output>
        </test-method> <!-- createRepositories -->
        <test-method status="PASS" signature="gettingAllRepositories()[pri:0, instance:day2.GitHub@6dbb137d]" name="gettingAllRepositories" duration-ms="691" started-at="2021-10-08T10:09:26Z" finished-at="2021-10-08T10:09:27Z">
          <reporter-output>
          </reporter-output>
        </test-method> <!-- gettingAllRepositories -->
      </class> <!-- day2.GitHub -->
    </test> <!-- Default test -->
  </suite> <!-- Default suite -->
</testng-results>
